# JRE version: OpenJDK Runtime Environment (21.0.9) (build 21.0.9+-14649483-b1163.86)
# Java VM: OpenJDK 64-Bit Server VM (21.0.9+-14649483-b1163.86, mixed mode, tiered, compressed oops, compressed class ptrs, g1 gc, windows-amd64)
GC Precious Log:
 CardTable entry size: 512
 Card Set container configuration: InlinePtr #cards 4 size 8 Array Of Cards #cards 16 size 48 Howl #buckets 8 coarsen threshold 3686 Howl Bitmap #cards 512 size 80 coarsen threshold 460 Card regions per heap region 1 cards per card region 4096
 CPUs: 16 total, 16 available
 Memory: 5981M
 Large Page Support: Disabled
 NUMA Support: Disabled
 Compressed Oops: Enabled (Zero based)
 Heap Region Size: 2M
 Heap Min Capacity: 8M
 Heap Initial Capacity: 94M
 Heap Max Capacity: 4G
 Pre-touch: Disabled
 Parallel Workers: 13
 Concurrent Workers: 3
 Concurrent Refinement Workers: 13
 Periodic GC: Disabled
Heap:
 garbage-first heap   total 215040K, used 91802K [0x0000000700000000, 0x0000000800000000)
  region size 2048K, 10 young (20480K), 2 survivors (4096K)
 Metaspace       used 82682K, committed 84672K, reserved 1179648K
  class space    used 11544K, committed 12480K, reserved 1048576K
GC Heap History (20 events):
Event: 9.651 GC heap before
{Heap before GC invocations=18 (full 0):
 garbage-first heap   total 114688K, used 99930K [0x0000000700000000, 0x0000000800000000)
  region size 2048K, 29 young (59392K), 3 survivors (6144K)
 Metaspace       used 71202K, committed 73088K, reserved 1114112K
  class space    used 10138K, committed 11008K, reserved 1048576K
}
Event: 9.660 GC heap after
{Heap after GC invocations=19 (full 0):
 garbage-first heap   total 114688K, used 53553K [0x0000000700000000, 0x0000000800000000)
  region size 2048K, 4 young (8192K), 4 survivors (8192K)
 Metaspace       used 71202K, committed 73088K, reserved 1114112K
  class space    used 10138K, committed 11008K, reserved 1048576K
}
Event: 9.833 GC heap before
{Heap before GC invocations=19 (full 0):
 garbage-first heap   total 114688K, used 100657K [0x0000000700000000, 0x0000000800000000)
  region size 2048K, 27 young (55296K), 4 survivors (8192K)
 Metaspace       used 71380K, committed 73280K, reserved 1114112K
  class space    used 10138K, committed 11008K, reserved 1048576K
}
Event: 9.840 GC heap after
{Heap after GC invocations=20 (full 0):
 garbage-first heap   total 114688K, used 55670K [0x0000000700000000, 0x0000000800000000)
  region size 2048K, 2 young (4096K), 2 survivors (4096K)
 Metaspace       used 71380K, committed 73280K, reserved 1114112K
  class space    used 10138K, committed 11008K, reserved 1048576K
}
Event: 9.917 GC heap before
{Heap before GC invocations=20 (full 0):
 garbage-first heap   total 114688K, used 98678K [0x0000000700000000, 0x0000000800000000)
  region size 2048K, 24 young (49152K), 2 survivors (4096K)
 Metaspace       used 71497K, committed 73344K, reserved 1114112K
  class space    used 10138K, committed 11008K, reserved 1048576K
}
Event: 9.921 GC heap after
{Heap after GC invocations=21 (full 0):
 garbage-first heap   total 114688K, used 55982K [0x0000000700000000, 0x0000000800000000)
  region size 2048K, 2 young (4096K), 2 survivors (4096K)
 Metaspace       used 71497K, committed 73344K, reserved 1114112K
  class space    used 10138K, committed 11008K, reserved 1048576K
}
Event: 10.024 GC heap before
{Heap before GC invocations=22 (full 0):
 garbage-first heap   total 114688K, used 103086K [0x0000000700000000, 0x0000000800000000)
  region size 2048K, 25 young (51200K), 2 survivors (4096K)
 Metaspace       used 71529K, committed 73344K, reserved 1114112K
  class space    used 10138K, committed 11008K, reserved 1048576K
}
Event: 10.029 GC heap after
{Heap after GC invocations=23 (full 0):
 garbage-first heap   total 114688K, used 56619K [0x0000000700000000, 0x0000000800000000)
  region size 2048K, 3 young (6144K), 3 survivors (6144K)
 Metaspace       used 71529K, committed 73344K, reserved 1114112K
  class space    used 10138K, committed 11008K, reserved 1048576K
}
Event: 10.097 GC heap before
{Heap before GC invocations=23 (full 0):
 garbage-first heap   total 114688K, used 99627K [0x0000000700000000, 0x0000000800000000)
  region size 2048K, 25 young (51200K), 3 survivors (6144K)
 Metaspace       used 71560K, committed 73408K, reserved 1114112K
  class space    used 10138K, committed 11008K, reserved 1048576K
}
Event: 10.101 GC heap after
{Heap after GC invocations=24 (full 0):
 garbage-first heap   total 114688K, used 55454K [0x0000000700000000, 0x0000000800000000)
  region size 2048K, 3 young (6144K), 3 survivors (6144K)
 Metaspace       used 71560K, committed 73408K, reserved 1114112K
  class space    used 10138K, committed 11008K, reserved 1048576K
}
Event: 10.155 GC heap before
{Heap before GC invocations=24 (full 0):
 garbage-first heap   total 114688K, used 100510K [0x0000000700000000, 0x0000000800000000)
  region size 2048K, 25 young (51200K), 3 survivors (6144K)
 Metaspace       used 71560K, committed 73408K, reserved 1114112K
  class space    used 10138K, committed 11008K, reserved 1048576K
}
Event: 10.159 GC heap after
{Heap after GC invocations=25 (full 0):
 garbage-first heap   total 114688K, used 55923K [0x0000000700000000, 0x0000000800000000)
  region size 2048K, 3 young (6144K), 3 survivors (6144K)
 Metaspace       used 71560K, committed 73408K, reserved 1114112K
  class space    used 10138K, committed 11008K, reserved 1048576K
}
Event: 10.233 GC heap before
{Heap before GC invocations=25 (full 0):
 garbage-first heap   total 114688K, used 100979K [0x0000000700000000, 0x0000000800000000)
  region size 2048K, 26 young (53248K), 3 survivors (6144K)
 Metaspace       used 71563K, committed 73408K, reserved 1114112K
  class space    used 10138K, committed 11008K, reserved 1048576K
}
Event: 10.238 GC heap after
{Heap after GC invocations=26 (full 0):
 garbage-first heap   total 215040K, used 56152K [0x0000000700000000, 0x0000000800000000)
  region size 2048K, 3 young (6144K), 3 survivors (6144K)
 Metaspace       used 71563K, committed 73408K, reserved 1114112K
  class space    used 10138K, committed 11008K, reserved 1048576K
}
Event: 10.378 GC heap before
{Heap before GC invocations=27 (full 0):
 garbage-first heap   total 215040K, used 176984K [0x0000000700000000, 0x0000000800000000)
  region size 2048K, 63 young (129024K), 3 survivors (6144K)
 Metaspace       used 71563K, committed 73408K, reserved 1114112K
  class space    used 10138K, committed 11008K, reserved 1048576K
}
Event: 10.382 GC heap after
{Heap after GC invocations=28 (full 0):
 garbage-first heap   total 215040K, used 57197K [0x0000000700000000, 0x0000000800000000)
  region size 2048K, 3 young (6144K), 3 survivors (6144K)
 Metaspace       used 71563K, committed 73408K, reserved 1114112K
  class space    used 10138K, committed 11008K, reserved 1048576K
}
Event: 11.627 GC heap before
{Heap before GC invocations=28 (full 0):
 garbage-first heap   total 215040K, used 180077K [0x0000000700000000, 0x0000000800000000)
  region size 2048K, 63 young (129024K), 3 survivors (6144K)
 Metaspace       used 75297K, committed 77248K, reserved 1179648K
  class space    used 10612K, committed 11520K, reserved 1048576K
}
Event: 11.639 GC heap after
{Heap after GC invocations=29 (full 0):
 garbage-first heap   total 215040K, used 73391K [0x0000000700000000, 0x0000000800000000)
  region size 2048K, 8 young (16384K), 8 survivors (16384K)
 Metaspace       used 75297K, committed 77248K, reserved 1179648K
  class space    used 10612K, committed 11520K, reserved 1048576K
}
Event: 12.348 GC heap before
{Heap before GC invocations=29 (full 0):
 garbage-first heap   total 215040K, used 126639K [0x0000000700000000, 0x0000000800000000)
  region size 2048K, 36 young (73728K), 8 survivors (16384K)
 Metaspace       used 81469K, committed 83392K, reserved 1179648K
  class space    used 11370K, committed 12288K, reserved 1048576K
}
Event: 12.358 GC heap after
{Heap after GC invocations=30 (full 0):
 garbage-first heap   total 215040K, used 75418K [0x0000000700000000, 0x0000000800000000)
  region size 2048K, 2 young (4096K), 2 survivors (4096K)
 Metaspace       used 81469K, committed 83392K, reserved 1179648K
  class space    used 11370K, committed 12288K, reserved 1048576K
}

