# JRE version: OpenJDK Runtime Environment Microsoft-11926163 (17.0.16+8) (build 17.0.16+8-LTS)
# Java VM: OpenJDK 64-Bit Server VM Microsoft-11926163 (17.0.16+8-LTS, mixed mode, sharing, tiered, compressed oops, compressed class ptrs, g1 gc, windows-amd64)
GC Precious Log:
 CPUs: 16 total, 16 available
 Memory: 5981M
 Large Page Support: Disabled
 NUMA Support: Disabled
 Compressed Oops: Enabled (32-bit)
 Heap Region Size: 1M
 Heap Min Capacity: 8M
 Heap Initial Capacity: 94M
 Heap Max Capacity: 2G
 Pre-touch: Disabled
 Parallel Workers: 13
 Concurrent Workers: 3
 Concurrent Refinement Workers: 13
 Periodic GC: Disabled
Heap:
 garbage-first heap   total 89088K, used 42653K [0x0000000080000000, 0x0000000100000000)
  region size 1024K, 18 young (18432K), 5 survivors (5120K)
 Metaspace       used 35253K, committed 35648K, reserved 1114112K
  class space    used 4929K, committed 5120K, reserved 1048576K
GC Heap History (18 events):
Event: 1.002 GC heap before
{Heap before GC invocations=0 (full 0):
 garbage-first heap   total 96256K, used 22528K [0x0000000080000000, 0x0000000100000000)
  region size 1024K, 23 young (23552K), 0 survivors (0K)
 Metaspace       used 895K, committed 1088K, reserved 1114112K
  class space    used 63K, committed 128K, reserved 1048576K
}
Event: 1.012 GC heap after
{Heap after GC invocations=1 (full 0):
 garbage-first heap   total 96256K, used 1648K [0x0000000080000000, 0x0000000100000000)
  region size 1024K, 2 young (2048K), 2 survivors (2048K)
 Metaspace       used 895K, committed 1088K, reserved 1114112K
  class space    used 63K, committed 128K, reserved 1048576K
}
Event: 3.154 GC heap before
{Heap before GC invocations=1 (full 0):
 garbage-first heap   total 96256K, used 40560K [0x0000000080000000, 0x0000000100000000)
  region size 1024K, 36 young (36864K), 2 survivors (2048K)
 Metaspace       used 4606K, committed 4736K, reserved 1114112K
  class space    used 573K, committed 640K, reserved 1048576K
}
Event: 3.167 GC heap after
{Heap after GC invocations=2 (full 0):
 garbage-first heap   total 96256K, used 11776K [0x0000000080000000, 0x0000000100000000)
  region size 1024K, 5 young (5120K), 5 survivors (5120K)
 Metaspace       used 4606K, committed 4736K, reserved 1114112K
  class space    used 573K, committed 640K, reserved 1048576K
}
Event: 4.815 GC heap before
{Heap before GC invocations=2 (full 0):
 garbage-first heap   total 96256K, used 54784K [0x0000000080000000, 0x0000000100000000)
  region size 1024K, 45 young (46080K), 5 survivors (5120K)
 Metaspace       used 4693K, committed 4800K, reserved 1114112K
  class space    used 573K, committed 640K, reserved 1048576K
}
Event: 4.832 GC heap after
{Heap after GC invocations=3 (full 0):
 garbage-first heap   total 96256K, used 15636K [0x0000000080000000, 0x0000000100000000)
  region size 1024K, 3 young (3072K), 3 survivors (3072K)
 Metaspace       used 4693K, committed 4800K, reserved 1114112K
  class space    used 573K, committed 640K, reserved 1048576K
}
Event: 9.730 GC heap before
{Heap before GC invocations=3 (full 0):
 garbage-first heap   total 96256K, used 62740K [0x0000000080000000, 0x0000000100000000)
  region size 1024K, 50 young (51200K), 3 survivors (3072K)
 Metaspace       used 12337K, committed 12608K, reserved 1114112K
  class space    used 1649K, committed 1792K, reserved 1048576K
}
Event: 9.812 GC heap after
{Heap after GC invocations=4 (full 0):
 garbage-first heap   total 96256K, used 20839K [0x0000000080000000, 0x0000000100000000)
  region size 1024K, 7 young (7168K), 7 survivors (7168K)
 Metaspace       used 12337K, committed 12608K, reserved 1114112K
  class space    used 1649K, committed 1792K, reserved 1048576K
}
Event: 15.569 GC heap before
{Heap before GC invocations=4 (full 0):
 garbage-first heap   total 96256K, used 66919K [0x0000000080000000, 0x0000000100000000)
  region size 1024K, 51 young (52224K), 7 survivors (7168K)
 Metaspace       used 19222K, committed 19584K, reserved 1114112K
  class space    used 2578K, committed 2752K, reserved 1048576K
}
Event: 15.600 GC heap after
{Heap after GC invocations=5 (full 0):
 garbage-first heap   total 96256K, used 23494K [0x0000000080000000, 0x0000000100000000)
  region size 1024K, 3 young (3072K), 3 survivors (3072K)
 Metaspace       used 19222K, committed 19584K, reserved 1114112K
  class space    used 2578K, committed 2752K, reserved 1048576K
}
Event: 18.601 GC heap before
{Heap before GC invocations=5 (full 0):
 garbage-first heap   total 96256K, used 40902K [0x0000000080000000, 0x0000000100000000)
  region size 1024K, 21 young (21504K), 3 survivors (3072K)
 Metaspace       used 21167K, committed 21504K, reserved 1114112K
  class space    used 2908K, committed 3072K, reserved 1048576K
}
Event: 18.621 GC heap after
{Heap after GC invocations=6 (full 0):
 garbage-first heap   total 96256K, used 24353K [0x0000000080000000, 0x0000000100000000)
  region size 1024K, 4 young (4096K), 4 survivors (4096K)
 Metaspace       used 21167K, committed 21504K, reserved 1114112K
  class space    used 2908K, committed 3072K, reserved 1048576K
}
Event: 30.797 GC heap before
{Heap before GC invocations=7 (full 0):
 garbage-first heap   total 89088K, used 71457K [0x0000000080000000, 0x0000000100000000)
  region size 1024K, 50 young (51200K), 4 survivors (4096K)
 Metaspace       used 27002K, committed 27392K, reserved 1114112K
  class space    used 3792K, committed 3968K, reserved 1048576K
}
Event: 30.819 GC heap after
{Heap after GC invocations=8 (full 0):
 garbage-first heap   total 89088K, used 26498K [0x0000000080000000, 0x0000000100000000)
  region size 1024K, 6 young (6144K), 6 survivors (6144K)
 Metaspace       used 27002K, committed 27392K, reserved 1114112K
  class space    used 3792K, committed 3968K, reserved 1048576K
}
Event: 32.749 GC heap before
{Heap before GC invocations=8 (full 0):
 garbage-first heap   total 89088K, used 66434K [0x0000000080000000, 0x0000000100000000)
  region size 1024K, 46 young (47104K), 6 survivors (6144K)
 Metaspace       used 32808K, committed 33216K, reserved 1114112K
  class space    used 4525K, committed 4736K, reserved 1048576K
}
Event: 32.765 GC heap after
{Heap after GC invocations=9 (full 0):
 garbage-first heap   total 89088K, used 29358K [0x0000000080000000, 0x0000000100000000)
  region size 1024K, 6 young (6144K), 6 survivors (6144K)
 Metaspace       used 32808K, committed 33216K, reserved 1114112K
  class space    used 4525K, committed 4736K, reserved 1048576K
}
Event: 33.369 GC heap before
{Heap before GC invocations=9 (full 0):
 garbage-first heap   total 89088K, used 67246K [0x0000000080000000, 0x0000000100000000)
  region size 1024K, 43 young (44032K), 6 survivors (6144K)
 Metaspace       used 33751K, committed 34176K, reserved 1114112K
  class space    used 4682K, committed 4864K, reserved 1048576K
}
Event: 33.374 GC heap after
{Heap after GC invocations=10 (full 0):
 garbage-first heap   total 89088K, used 30365K [0x0000000080000000, 0x0000000100000000)
  region size 1024K, 5 young (5120K), 5 survivors (5120K)
 Metaspace       used 33751K, committed 34176K, reserved 1114112K
  class space    used 4682K, committed 4864K, reserved 1048576K
}

